2024-03-19 13:25:24 - DEBUG - 89 - Loaded the data from CSV.
2024-03-19 13:25:24 - DEBUG - 89 - Loaded the data from CSV.
2024-03-19 13:25:24 - DEBUG - 1055 - Starting new HTTPS connection (1): hipaa-api.jotform.com:443
2024-03-19 13:25:24 - DEBUG - 1055 - Starting new HTTPS connection (1): hipaa-api.jotform.com:443
2024-03-19 13:25:25 - DEBUG - 549 - https://hipaa-api.jotform.com:443 "GET /form/240215836883158/submissions?apiKey=c6bdeaaa1d7d4ecf057c80dfff418a7f HTTP/1.1" 200 None
2024-03-19 13:25:25 - DEBUG - 549 - https://hipaa-api.jotform.com:443 "GET /form/240215836883158/submissions?apiKey=c6bdeaaa1d7d4ecf057c80dfff418a7f HTTP/1.1" 200 None
2024-03-19 13:25:25 - DEBUG - 114 - Succesfully retrieved data. Status code: 200
2024-03-19 13:25:25 - DEBUG - 114 - Succesfully retrieved data. Status code: 200
2024-03-19 13:25:25 - DEBUG - 1055 - Starting new HTTPS connection (1): hipaa-api.jotform.com:443
2024-03-19 13:25:25 - DEBUG - 1055 - Starting new HTTPS connection (1): hipaa-api.jotform.com:443
2024-03-19 13:25:25 - DEBUG - 549 - https://hipaa-api.jotform.com:443 "GET /form/240215836883158/submissions?apiKey=c6bdeaaa1d7d4ecf057c80dfff418a7f HTTP/1.1" 200 None
2024-03-19 13:25:25 - DEBUG - 549 - https://hipaa-api.jotform.com:443 "GET /form/240215836883158/submissions?apiKey=c6bdeaaa1d7d4ecf057c80dfff418a7f HTTP/1.1" 200 None
2024-03-19 13:25:25 - DEBUG - 114 - Succesfully retrieved data. Status code: 200
2024-03-19 13:25:25 - DEBUG - 195 - Added date : 03-08-2024
2024-03-19 13:25:25 - DEBUG - 346 - Added org : 03-08-2024
2024-03-19 13:25:25 - DEBUG - 350 - Added staff : 03-08-2024
2024-03-19 13:25:25 - DEBUG - 355 - Added staff email : 03-08-2024
2024-03-19 13:25:25 - DEBUG - 359 - Added staff from form : 03-08-2024
2024-03-19 13:25:25 - DEBUG - 379 - Added family contacat from form : 03-08-2024
2024-03-19 13:25:25 - DEBUG - 383 - Added address from form : 03-08-2024
2024-03-19 13:25:25 - DEBUG - 387 - Added family phone from form : 03-08-2024
2024-03-19 13:25:25 - DEBUG - 391 - Added family email from form : 03-08-2024
2024-03-19 13:25:25 - DEBUG - 411 - Added barrier memo from form : 03-08-2024
2024-03-19 13:25:25 - DEBUG - 415 - Added barrier list item from form : 03-08-2024
2024-03-19 13:25:25 - DEBUG - 419 - Added cause to barrier from form : 03-08-2024
2024-03-19 13:25:25 - DEBUG - 423 - Added solution to barrier from form : 03-08-2024
2024-03-19 13:25:25 - DEBUG - 427 - Added solution pathway list item from form : 03-08-2024
2024-03-19 13:25:25 - DEBUG - 447 - Added zipcode from form : 03-08-2024
2024-03-19 13:25:25 - DEBUG - 451 - Added age from form : 03-08-2024
2024-03-19 13:25:25 - DEBUG - 458 - Added sex from form : 03-08-2024
2024-03-19 13:25:25 - DEBUG - 465 - Added ethnicity from form : 03-08-2024
2024-03-19 13:25:25 - DEBUG - 195 - Added date : 03-06-2024
2024-03-19 13:25:25 - DEBUG - 346 - Added org : 03-06-2024
2024-03-19 13:25:25 - DEBUG - 350 - Added staff : 03-06-2024
2024-03-19 13:25:25 - DEBUG - 355 - Added staff email : 03-06-2024
2024-03-19 13:25:25 - DEBUG - 359 - Added staff from form : 03-06-2024
2024-03-19 13:25:25 - DEBUG - 114 - Succesfully retrieved data. Status code: 200
2024-03-19 13:25:25 - DEBUG - 379 - Added family contacat from form : 03-06-2024
2024-03-19 13:25:25 - DEBUG - 383 - Added address from form : 03-06-2024
2024-03-19 13:25:25 - DEBUG - 387 - Added family phone from form : 03-06-2024
2024-03-19 13:25:25 - DEBUG - 391 - Added family email from form : 03-06-2024
2024-03-19 13:25:25 - DEBUG - 411 - Added barrier memo from form : 03-06-2024
2024-03-19 13:25:25 - DEBUG - 415 - Added barrier list item from form : 03-06-2024
2024-03-19 13:25:25 - DEBUG - 419 - Added cause to barrier from form : 03-06-2024
2024-03-19 13:25:25 - DEBUG - 423 - Added solution to barrier from form : 03-06-2024
2024-03-19 13:25:25 - DEBUG - 427 - Added solution pathway list item from form : 03-06-2024
2024-03-19 13:25:25 - DEBUG - 447 - Added zipcode from form : 03-06-2024
2024-03-19 13:25:25 - DEBUG - 451 - Added age from form : 03-06-2024
2024-03-19 13:25:25 - DEBUG - 195 - Added date : 03-08-2024
2024-03-19 13:25:25 - DEBUG - 458 - Added sex from form : 03-06-2024
2024-03-19 13:25:25 - DEBUG - 346 - Added org : 03-08-2024
2024-03-19 13:25:25 - DEBUG - 465 - Added ethnicity from form : 03-06-2024
2024-03-19 13:25:25 - DEBUG - 350 - Added staff : 03-08-2024
2024-03-19 13:25:25 - DEBUG - 195 - Added date : 03-02-2024
2024-03-19 13:25:25 - DEBUG - 355 - Added staff email : 03-08-2024
2024-03-19 13:25:25 - DEBUG - 346 - Added org : 03-02-2024
2024-03-19 13:25:25 - DEBUG - 359 - Added staff from form : 03-08-2024
2024-03-19 13:25:25 - DEBUG - 350 - Added staff : 03-02-2024
2024-03-19 13:25:25 - DEBUG - 379 - Added family contacat from form : 03-08-2024
2024-03-19 13:25:25 - DEBUG - 355 - Added staff email : 03-02-2024
2024-03-19 13:25:25 - DEBUG - 383 - Added address from form : 03-08-2024
2024-03-19 13:25:25 - DEBUG - 359 - Added staff from form : 03-02-2024
2024-03-19 13:25:25 - DEBUG - 387 - Added family phone from form : 03-08-2024
2024-03-19 13:25:25 - DEBUG - 379 - Added family contacat from form : 03-02-2024
2024-03-19 13:25:25 - DEBUG - 383 - Added address from form : 03-02-2024
2024-03-19 13:25:25 - DEBUG - 387 - Added family phone from form : 03-02-2024
2024-03-19 13:25:25 - DEBUG - 391 - Added family email from form : 03-02-2024
2024-03-19 13:25:25 - DEBUG - 411 - Added barrier memo from form : 03-02-2024
2024-03-19 13:25:25 - DEBUG - 415 - Added barrier list item from form : 03-02-2024
2024-03-19 13:25:25 - DEBUG - 419 - Added cause to barrier from form : 03-02-2024
2024-03-19 13:25:25 - DEBUG - 423 - Added solution to barrier from form : 03-02-2024
2024-03-19 13:25:25 - DEBUG - 427 - Added solution pathway list item from form : 03-02-2024
2024-03-19 13:25:25 - DEBUG - 391 - Added family email from form : 03-08-2024
2024-03-19 13:25:25 - DEBUG - 411 - Added barrier memo from form : 03-08-2024
2024-03-19 13:25:25 - DEBUG - 415 - Added barrier list item from form : 03-08-2024
2024-03-19 13:25:25 - DEBUG - 419 - Added cause to barrier from form : 03-08-2024
2024-03-19 13:25:25 - DEBUG - 423 - Added solution to barrier from form : 03-08-2024
2024-03-19 13:25:25 - DEBUG - 427 - Added solution pathway list item from form : 03-08-2024
2024-03-19 13:25:25 - DEBUG - 447 - Added zipcode from form : 03-08-2024
2024-03-19 13:25:25 - DEBUG - 451 - Added age from form : 03-08-2024
2024-03-19 13:25:25 - DEBUG - 458 - Added sex from form : 03-08-2024
2024-03-19 13:25:25 - DEBUG - 465 - Added ethnicity from form : 03-08-2024
2024-03-19 13:25:25 - DEBUG - 195 - Added date : 03-06-2024
2024-03-19 13:25:25 - DEBUG - 346 - Added org : 03-06-2024
2024-03-19 13:25:25 - DEBUG - 350 - Added staff : 03-06-2024
2024-03-19 13:25:25 - DEBUG - 355 - Added staff email : 03-06-2024
2024-03-19 13:25:25 - DEBUG - 359 - Added staff from form : 03-06-2024
2024-03-19 13:25:25 - DEBUG - 379 - Added family contacat from form : 03-06-2024
2024-03-19 13:25:25 - DEBUG - 383 - Added address from form : 03-06-2024
2024-03-19 13:25:25 - DEBUG - 387 - Added family phone from form : 03-06-2024
2024-03-19 13:25:25 - DEBUG - 391 - Added family email from form : 03-06-2024
2024-03-19 13:25:25 - DEBUG - 411 - Added barrier memo from form : 03-06-2024
2024-03-19 13:25:25 - DEBUG - 415 - Added barrier list item from form : 03-06-2024
2024-03-19 13:25:25 - DEBUG - 419 - Added cause to barrier from form : 03-06-2024
2024-03-19 13:25:25 - DEBUG - 423 - Added solution to barrier from form : 03-06-2024
2024-03-19 13:25:25 - DEBUG - 447 - Added zipcode from form : 03-02-2024
2024-03-19 13:25:25 - DEBUG - 451 - Added age from form : 03-02-2024
2024-03-19 13:25:25 - DEBUG - 458 - Added sex from form : 03-02-2024
2024-03-19 13:25:25 - DEBUG - 465 - Added ethnicity from form : 03-02-2024
2024-03-19 13:25:25 - DEBUG - 195 - Added date : 03-01-2024
2024-03-19 13:25:25 - DEBUG - 346 - Added org : 03-01-2024
2024-03-19 13:25:25 - DEBUG - 350 - Added staff : 03-01-2024
2024-03-19 13:25:25 - DEBUG - 355 - Added staff email : 03-01-2024
2024-03-19 13:25:25 - DEBUG - 359 - Added staff from form : 03-01-2024
2024-03-19 13:25:25 - DEBUG - 427 - Added solution pathway list item from form : 03-06-2024
2024-03-19 13:25:25 - DEBUG - 379 - Added family contacat from form : 03-01-2024
2024-03-19 13:25:25 - DEBUG - 447 - Added zipcode from form : 03-06-2024
2024-03-19 13:25:25 - DEBUG - 383 - Added address from form : 03-01-2024
2024-03-19 13:25:25 - DEBUG - 451 - Added age from form : 03-06-2024
2024-03-19 13:25:25 - DEBUG - 387 - Added family phone from form : 03-01-2024
2024-03-19 13:25:25 - DEBUG - 458 - Added sex from form : 03-06-2024
2024-03-19 13:25:25 - DEBUG - 391 - Added family email from form : 03-01-2024
2024-03-19 13:25:25 - DEBUG - 465 - Added ethnicity from form : 03-06-2024
2024-03-19 13:25:25 - DEBUG - 411 - Added barrier memo from form : 03-01-2024
2024-03-19 13:25:25 - DEBUG - 195 - Added date : 03-02-2024
2024-03-19 13:25:25 - DEBUG - 415 - Added barrier list item from form : 03-01-2024
2024-03-19 13:25:25 - DEBUG - 419 - Added cause to barrier from form : 03-01-2024
2024-03-19 13:25:25 - DEBUG - 423 - Added solution to barrier from form : 03-01-2024
2024-03-19 13:25:25 - DEBUG - 427 - Added solution pathway list item from form : 03-01-2024
2024-03-19 13:25:25 - DEBUG - 447 - Added zipcode from form : 03-01-2024
2024-03-19 13:25:25 - DEBUG - 451 - Added age from form : 03-01-2024
2024-03-19 13:25:25 - DEBUG - 458 - Added sex from form : 03-01-2024
2024-03-19 13:25:25 - DEBUG - 465 - Added ethnicity from form : 03-01-2024
2024-03-19 13:25:25 - DEBUG - 195 - Added date : 02-23-2024
2024-03-19 13:25:25 - DEBUG - 346 - Added org : 02-23-2024
2024-03-19 13:25:25 - DEBUG - 350 - Added staff : 02-23-2024
2024-03-19 13:25:25 - DEBUG - 355 - Added staff email : 02-23-2024
2024-03-19 13:25:25 - DEBUG - 359 - Added staff from form : 02-23-2024
2024-03-19 13:25:25 - DEBUG - 379 - Added family contacat from form : 02-23-2024
2024-03-19 13:25:25 - DEBUG - 383 - Added address from form : 02-23-2024
2024-03-19 13:25:25 - DEBUG - 387 - Added family phone from form : 02-23-2024
2024-03-19 13:25:25 - DEBUG - 391 - Added family email from form : 02-23-2024
2024-03-19 13:25:25 - DEBUG - 411 - Added barrier memo from form : 02-23-2024
2024-03-19 13:25:25 - DEBUG - 415 - Added barrier list item from form : 02-23-2024
2024-03-19 13:25:25 - DEBUG - 419 - Added cause to barrier from form : 02-23-2024
2024-03-19 13:25:25 - DEBUG - 423 - Added solution to barrier from form : 02-23-2024
2024-03-19 13:25:25 - DEBUG - 427 - Added solution pathway list item from form : 02-23-2024
2024-03-19 13:25:25 - DEBUG - 447 - Added zipcode from form : 02-23-2024
2024-03-19 13:25:25 - DEBUG - 451 - Added age from form : 02-23-2024
2024-03-19 13:25:25 - DEBUG - 458 - Added sex from form : 02-23-2024
2024-03-19 13:25:25 - DEBUG - 465 - Added ethnicity from form : 02-23-2024
2024-03-19 13:25:25 - DEBUG - 195 - Added date : 02-23-2024
2024-03-19 13:25:25 - DEBUG - 346 - Added org : 02-23-2024
2024-03-19 13:25:25 - DEBUG - 350 - Added staff : 02-23-2024
2024-03-19 13:25:25 - DEBUG - 355 - Added staff email : 02-23-2024
2024-03-19 13:25:25 - DEBUG - 359 - Added staff from form : 02-23-2024
2024-03-19 13:25:25 - DEBUG - 379 - Added family contacat from form : 02-23-2024
2024-03-19 13:25:25 - DEBUG - 383 - Added address from form : 02-23-2024
2024-03-19 13:25:25 - DEBUG - 387 - Added family phone from form : 02-23-2024
2024-03-19 13:25:25 - DEBUG - 391 - Added family email from form : 02-23-2024
2024-03-19 13:25:25 - DEBUG - 346 - Added org : 03-02-2024
2024-03-19 13:25:25 - DEBUG - 350 - Added staff : 03-02-2024
2024-03-19 13:25:25 - DEBUG - 355 - Added staff email : 03-02-2024
2024-03-19 13:25:25 - DEBUG - 411 - Added barrier memo from form : 02-23-2024
2024-03-19 13:25:25 - DEBUG - 359 - Added staff from form : 03-02-2024
2024-03-19 13:25:25 - DEBUG - 415 - Added barrier list item from form : 02-23-2024
2024-03-19 13:25:25 - DEBUG - 379 - Added family contacat from form : 03-02-2024
2024-03-19 13:25:25 - DEBUG - 419 - Added cause to barrier from form : 02-23-2024
2024-03-19 13:25:25 - DEBUG - 383 - Added address from form : 03-02-2024
2024-03-19 13:25:25 - DEBUG - 423 - Added solution to barrier from form : 02-23-2024
2024-03-19 13:25:25 - DEBUG - 387 - Added family phone from form : 03-02-2024
2024-03-19 13:25:25 - DEBUG - 427 - Added solution pathway list item from form : 02-23-2024
2024-03-19 13:25:25 - DEBUG - 391 - Added family email from form : 03-02-2024
2024-03-19 13:25:25 - DEBUG - 447 - Added zipcode from form : 02-23-2024
2024-03-19 13:25:25 - DEBUG - 411 - Added barrier memo from form : 03-02-2024
2024-03-19 13:25:25 - DEBUG - 451 - Added age from form : 02-23-2024
2024-03-19 13:25:25 - DEBUG - 415 - Added barrier list item from form : 03-02-2024
2024-03-19 13:25:25 - DEBUG - 458 - Added sex from form : 02-23-2024
2024-03-19 13:25:25 - DEBUG - 419 - Added cause to barrier from form : 03-02-2024
2024-03-19 13:25:25 - DEBUG - 465 - Added ethnicity from form : 02-23-2024
2024-03-19 13:25:25 - DEBUG - 423 - Added solution to barrier from form : 03-02-2024
2024-03-19 13:25:25 - DEBUG - 195 - Added date : 02-23-2024
2024-03-19 13:25:25 - DEBUG - 427 - Added solution pathway list item from form : 03-02-2024
2024-03-19 13:25:25 - DEBUG - 346 - Added org : 02-23-2024
2024-03-19 13:25:25 - DEBUG - 447 - Added zipcode from form : 03-02-2024
2024-03-19 13:25:25 - DEBUG - 350 - Added staff : 02-23-2024
2024-03-19 13:25:25 - DEBUG - 451 - Added age from form : 03-02-2024
2024-03-19 13:25:25 - DEBUG - 355 - Added staff email : 02-23-2024
2024-03-19 13:25:25 - DEBUG - 458 - Added sex from form : 03-02-2024
2024-03-19 13:25:25 - DEBUG - 359 - Added staff from form : 02-23-2024
2024-03-19 13:25:25 - DEBUG - 465 - Added ethnicity from form : 03-02-2024
2024-03-19 13:25:25 - DEBUG - 379 - Added family contacat from form : 02-23-2024
2024-03-19 13:25:25 - DEBUG - 195 - Added date : 03-01-2024
2024-03-19 13:25:25 - DEBUG - 383 - Added address from form : 02-23-2024
2024-03-19 13:25:25 - DEBUG - 346 - Added org : 03-01-2024
2024-03-19 13:25:25 - DEBUG - 387 - Added family phone from form : 02-23-2024
2024-03-19 13:25:25 - DEBUG - 350 - Added staff : 03-01-2024
2024-03-19 13:25:25 - DEBUG - 391 - Added family email from form : 02-23-2024
2024-03-19 13:25:25 - DEBUG - 355 - Added staff email : 03-01-2024
2024-03-19 13:25:25 - DEBUG - 411 - Added barrier memo from form : 02-23-2024
2024-03-19 13:25:25 - DEBUG - 415 - Added barrier list item from form : 02-23-2024
2024-03-19 13:25:25 - DEBUG - 419 - Added cause to barrier from form : 02-23-2024
2024-03-19 13:25:25 - DEBUG - 423 - Added solution to barrier from form : 02-23-2024
2024-03-19 13:25:25 - DEBUG - 427 - Added solution pathway list item from form : 02-23-2024
2024-03-19 13:25:25 - DEBUG - 359 - Added staff from form : 03-01-2024
2024-03-19 13:25:25 - DEBUG - 379 - Added family contacat from form : 03-01-2024
2024-03-19 13:25:25 - DEBUG - 383 - Added address from form : 03-01-2024
2024-03-19 13:25:25 - DEBUG - 387 - Added family phone from form : 03-01-2024
2024-03-19 13:25:25 - DEBUG - 391 - Added family email from form : 03-01-2024
2024-03-19 13:25:25 - DEBUG - 411 - Added barrier memo from form : 03-01-2024
2024-03-19 13:25:25 - DEBUG - 415 - Added barrier list item from form : 03-01-2024
2024-03-19 13:25:25 - DEBUG - 419 - Added cause to barrier from form : 03-01-2024
2024-03-19 13:25:25 - DEBUG - 447 - Added zipcode from form : 02-23-2024
2024-03-19 13:25:25 - DEBUG - 451 - Added age from form : 02-23-2024
2024-03-19 13:25:25 - DEBUG - 458 - Added sex from form : 02-23-2024
2024-03-19 13:25:25 - DEBUG - 465 - Added ethnicity from form : 02-23-2024
2024-03-19 13:25:25 - DEBUG - 195 - Added date : 02-02-2024
2024-03-19 13:25:25 - DEBUG - 346 - Added org : 02-02-2024
2024-03-19 13:25:25 - DEBUG - 350 - Added staff : 02-02-2024
2024-03-19 13:25:25 - DEBUG - 355 - Added staff email : 02-02-2024
2024-03-19 13:25:25 - DEBUG - 359 - Added staff from form : 02-02-2024
2024-03-19 13:25:25 - DEBUG - 379 - Added family contacat from form : 02-02-2024
2024-03-19 13:25:25 - DEBUG - 383 - Added address from form : 02-02-2024
2024-03-19 13:25:25 - DEBUG - 387 - Added family phone from form : 02-02-2024
2024-03-19 13:25:25 - DEBUG - 391 - Added family email from form : 02-02-2024
2024-03-19 13:25:25 - DEBUG - 411 - Added barrier memo from form : 02-02-2024
2024-03-19 13:25:25 - DEBUG - 415 - Added barrier list item from form : 02-02-2024
2024-03-19 13:25:25 - DEBUG - 419 - Added cause to barrier from form : 02-02-2024
2024-03-19 13:25:25 - DEBUG - 423 - Added solution to barrier from form : 02-02-2024
2024-03-19 13:25:25 - DEBUG - 427 - Added solution pathway list item from form : 02-02-2024
2024-03-19 13:25:25 - DEBUG - 447 - Added zipcode from form : 02-02-2024
2024-03-19 13:25:25 - DEBUG - 423 - Added solution to barrier from form : 03-01-2024
2024-03-19 13:25:25 - DEBUG - 451 - Added age from form : 02-02-2024
2024-03-19 13:25:25 - DEBUG - 427 - Added solution pathway list item from form : 03-01-2024
2024-03-19 13:25:25 - DEBUG - 458 - Added sex from form : 02-02-2024
2024-03-19 13:25:25 - DEBUG - 447 - Added zipcode from form : 03-01-2024
2024-03-19 13:25:25 - DEBUG - 465 - Added ethnicity from form : 02-02-2024
2024-03-19 13:25:25 - DEBUG - 451 - Added age from form : 03-01-2024
2024-03-19 13:25:25 - DEBUG - 195 - Added date : 02-02-2024
2024-03-19 13:25:25 - DEBUG - 458 - Added sex from form : 03-01-2024
2024-03-19 13:25:25 - DEBUG - 346 - Added org : 02-02-2024
2024-03-19 13:25:25 - DEBUG - 350 - Added staff : 02-02-2024
2024-03-19 13:25:25 - DEBUG - 465 - Added ethnicity from form : 03-01-2024
2024-03-19 13:25:25 - DEBUG - 355 - Added staff email : 02-02-2024
2024-03-19 13:25:25 - DEBUG - 195 - Added date : 02-23-2024
2024-03-19 13:25:25 - DEBUG - 359 - Added staff from form : 02-02-2024
2024-03-19 13:25:25 - DEBUG - 346 - Added org : 02-23-2024
2024-03-19 13:25:25 - DEBUG - 379 - Added family contacat from form : 02-02-2024
2024-03-19 13:25:25 - DEBUG - 350 - Added staff : 02-23-2024
2024-03-19 13:25:25 - DEBUG - 383 - Added address from form : 02-02-2024
2024-03-19 13:25:25 - DEBUG - 355 - Added staff email : 02-23-2024
2024-03-19 13:25:25 - DEBUG - 387 - Added family phone from form : 02-02-2024
2024-03-19 13:25:25 - DEBUG - 359 - Added staff from form : 02-23-2024
2024-03-19 13:25:25 - DEBUG - 391 - Added family email from form : 02-02-2024
2024-03-19 13:25:25 - DEBUG - 379 - Added family contacat from form : 02-23-2024
2024-03-19 13:25:25 - DEBUG - 411 - Added barrier memo from form : 02-02-2024
2024-03-19 13:25:25 - DEBUG - 383 - Added address from form : 02-23-2024
2024-03-19 13:25:25 - DEBUG - 387 - Added family phone from form : 02-23-2024
2024-03-19 13:25:25 - DEBUG - 391 - Added family email from form : 02-23-2024
2024-03-19 13:25:25 - DEBUG - 415 - Added barrier list item from form : 02-02-2024
2024-03-19 13:25:25 - DEBUG - 411 - Added barrier memo from form : 02-23-2024
2024-03-19 13:25:25 - DEBUG - 419 - Added cause to barrier from form : 02-02-2024
2024-03-19 13:25:25 - DEBUG - 415 - Added barrier list item from form : 02-23-2024
2024-03-19 13:25:25 - DEBUG - 423 - Added solution to barrier from form : 02-02-2024
2024-03-19 13:25:25 - DEBUG - 427 - Added solution pathway list item from form : 02-02-2024
2024-03-19 13:25:25 - DEBUG - 447 - Added zipcode from form : 02-02-2024
2024-03-19 13:25:25 - DEBUG - 451 - Added age from form : 02-02-2024
2024-03-19 13:25:25 - DEBUG - 458 - Added sex from form : 02-02-2024
2024-03-19 13:25:25 - DEBUG - 465 - Added ethnicity from form : 02-02-2024
2024-03-19 13:25:25 - DEBUG - 195 - Added date : 01-19-2024
2024-03-19 13:25:25 - DEBUG - 346 - Added org : 01-19-2024
2024-03-19 13:25:25 - DEBUG - 350 - Added staff : 01-19-2024
2024-03-19 13:25:25 - DEBUG - 355 - Added staff email : 01-19-2024
2024-03-19 13:25:25 - DEBUG - 359 - Added staff from form : 01-19-2024
2024-03-19 13:25:25 - DEBUG - 379 - Added family contacat from form : 01-19-2024
2024-03-19 13:25:25 - DEBUG - 383 - Added address from form : 01-19-2024
2024-03-19 13:25:25 - DEBUG - 387 - Added family phone from form : 01-19-2024
2024-03-19 13:25:25 - DEBUG - 391 - Added family email from form : 01-19-2024
2024-03-19 13:25:25 - DEBUG - 419 - Added cause to barrier from form : 02-23-2024
2024-03-19 13:25:25 - DEBUG - 423 - Added solution to barrier from form : 02-23-2024
2024-03-19 13:25:25 - DEBUG - 427 - Added solution pathway list item from form : 02-23-2024
2024-03-19 13:25:25 - DEBUG - 411 - Added barrier memo from form : 01-19-2024
2024-03-19 13:25:25 - DEBUG - 447 - Added zipcode from form : 02-23-2024
2024-03-19 13:25:25 - DEBUG - 451 - Added age from form : 02-23-2024
2024-03-19 13:25:25 - DEBUG - 458 - Added sex from form : 02-23-2024
2024-03-19 13:25:25 - DEBUG - 465 - Added ethnicity from form : 02-23-2024
2024-03-19 13:25:25 - DEBUG - 195 - Added date : 02-23-2024
2024-03-19 13:25:25 - DEBUG - 346 - Added org : 02-23-2024
2024-03-19 13:25:25 - DEBUG - 350 - Added staff : 02-23-2024
2024-03-19 13:25:25 - DEBUG - 355 - Added staff email : 02-23-2024
2024-03-19 13:25:25 - DEBUG - 359 - Added staff from form : 02-23-2024
2024-03-19 13:25:25 - DEBUG - 379 - Added family contacat from form : 02-23-2024
2024-03-19 13:25:25 - DEBUG - 415 - Added barrier list item from form : 01-19-2024
2024-03-19 13:25:25 - DEBUG - 383 - Added address from form : 02-23-2024
2024-03-19 13:25:25 - DEBUG - 387 - Added family phone from form : 02-23-2024
2024-03-19 13:25:25 - DEBUG - 391 - Added family email from form : 02-23-2024
2024-03-19 13:25:25 - DEBUG - 411 - Added barrier memo from form : 02-23-2024
2024-03-19 13:25:25 - DEBUG - 415 - Added barrier list item from form : 02-23-2024
2024-03-19 13:25:25 - DEBUG - 419 - Added cause to barrier from form : 02-23-2024
2024-03-19 13:25:25 - DEBUG - 423 - Added solution to barrier from form : 02-23-2024
2024-03-19 13:25:25 - DEBUG - 427 - Added solution pathway list item from form : 02-23-2024
2024-03-19 13:25:25 - DEBUG - 447 - Added zipcode from form : 02-23-2024
2024-03-19 13:25:25 - DEBUG - 451 - Added age from form : 02-23-2024
2024-03-19 13:25:25 - DEBUG - 458 - Added sex from form : 02-23-2024
2024-03-19 13:25:25 - DEBUG - 465 - Added ethnicity from form : 02-23-2024
2024-03-19 13:25:25 - DEBUG - 195 - Added date : 02-23-2024
2024-03-19 13:25:25 - DEBUG - 346 - Added org : 02-23-2024
2024-03-19 13:25:25 - DEBUG - 350 - Added staff : 02-23-2024
2024-03-19 13:25:25 - DEBUG - 355 - Added staff email : 02-23-2024
2024-03-19 13:25:25 - DEBUG - 359 - Added staff from form : 02-23-2024
2024-03-19 13:25:25 - DEBUG - 379 - Added family contacat from form : 02-23-2024
2024-03-19 13:25:25 - DEBUG - 383 - Added address from form : 02-23-2024
2024-03-19 13:25:25 - DEBUG - 387 - Added family phone from form : 02-23-2024
2024-03-19 13:25:25 - DEBUG - 391 - Added family email from form : 02-23-2024
2024-03-19 13:25:25 - DEBUG - 411 - Added barrier memo from form : 02-23-2024
2024-03-19 13:25:25 - DEBUG - 415 - Added barrier list item from form : 02-23-2024
2024-03-19 13:25:25 - DEBUG - 419 - Added cause to barrier from form : 02-23-2024
2024-03-19 13:25:25 - DEBUG - 423 - Added solution to barrier from form : 02-23-2024
2024-03-19 13:25:25 - DEBUG - 427 - Added solution pathway list item from form : 02-23-2024
2024-03-19 13:25:25 - DEBUG - 447 - Added zipcode from form : 02-23-2024
2024-03-19 13:25:25 - DEBUG - 451 - Added age from form : 02-23-2024
2024-03-19 13:25:25 - DEBUG - 458 - Added sex from form : 02-23-2024
2024-03-19 13:25:25 - DEBUG - 465 - Added ethnicity from form : 02-23-2024
2024-03-19 13:25:25 - DEBUG - 195 - Added date : 02-02-2024
2024-03-19 13:25:25 - DEBUG - 346 - Added org : 02-02-2024
2024-03-19 13:25:25 - DEBUG - 350 - Added staff : 02-02-2024
2024-03-19 13:25:25 - DEBUG - 355 - Added staff email : 02-02-2024
2024-03-19 13:25:25 - DEBUG - 359 - Added staff from form : 02-02-2024
2024-03-19 13:25:25 - DEBUG - 379 - Added family contacat from form : 02-02-2024
2024-03-19 13:25:25 - DEBUG - 383 - Added address from form : 02-02-2024
2024-03-19 13:25:25 - DEBUG - 387 - Added family phone from form : 02-02-2024
2024-03-19 13:25:25 - DEBUG - 391 - Added family email from form : 02-02-2024
2024-03-19 13:25:25 - DEBUG - 411 - Added barrier memo from form : 02-02-2024
2024-03-19 13:25:25 - DEBUG - 415 - Added barrier list item from form : 02-02-2024
2024-03-19 13:25:25 - DEBUG - 419 - Added cause to barrier from form : 02-02-2024
2024-03-19 13:25:25 - DEBUG - 423 - Added solution to barrier from form : 02-02-2024
2024-03-19 13:25:25 - DEBUG - 419 - Added cause to barrier from form : 01-19-2024
2024-03-19 13:25:25 - DEBUG - 427 - Added solution pathway list item from form : 02-02-2024
2024-03-19 13:25:25 - DEBUG - 423 - Added solution to barrier from form : 01-19-2024
2024-03-19 13:25:25 - DEBUG - 447 - Added zipcode from form : 02-02-2024
2024-03-19 13:25:25 - DEBUG - 427 - Added solution pathway list item from form : 01-19-2024
2024-03-19 13:25:25 - DEBUG - 451 - Added age from form : 02-02-2024
2024-03-19 13:25:25 - DEBUG - 447 - Added zipcode from form : 01-19-2024
2024-03-19 13:25:25 - DEBUG - 458 - Added sex from form : 02-02-2024
2024-03-19 13:25:25 - DEBUG - 451 - Added age from form : 01-19-2024
2024-03-19 13:25:25 - DEBUG - 465 - Added ethnicity from form : 02-02-2024
2024-03-19 13:25:25 - DEBUG - 458 - Added sex from form : 01-19-2024
2024-03-19 13:25:25 - DEBUG - 195 - Added date : 02-02-2024
2024-03-19 13:25:25 - DEBUG - 465 - Added ethnicity from form : 01-19-2024
2024-03-19 13:25:25 - DEBUG - 346 - Added org : 02-02-2024
2024-03-19 13:25:25 - DEBUG - 195 - Added date : 01-19-2024
2024-03-19 13:25:25 - DEBUG - 350 - Added staff : 02-02-2024
2024-03-19 13:25:25 - DEBUG - 346 - Added org : 01-19-2024
2024-03-19 13:25:25 - DEBUG - 355 - Added staff email : 02-02-2024
2024-03-19 13:25:25 - DEBUG - 350 - Added staff : 01-19-2024
2024-03-19 13:25:25 - DEBUG - 359 - Added staff from form : 02-02-2024
2024-03-19 13:25:25 - DEBUG - 355 - Added staff email : 01-19-2024
2024-03-19 13:25:25 - DEBUG - 379 - Added family contacat from form : 02-02-2024
2024-03-19 13:25:25 - DEBUG - 359 - Added staff from form : 01-19-2024
2024-03-19 13:25:25 - DEBUG - 383 - Added address from form : 02-02-2024
2024-03-19 13:25:25 - DEBUG - 379 - Added family contacat from form : 01-19-2024
2024-03-19 13:25:25 - DEBUG - 387 - Added family phone from form : 02-02-2024
2024-03-19 13:25:25 - DEBUG - 383 - Added address from form : 01-19-2024
2024-03-19 13:25:25 - DEBUG - 391 - Added family email from form : 02-02-2024
2024-03-19 13:25:25 - DEBUG - 387 - Added family phone from form : 01-19-2024
2024-03-19 13:25:25 - DEBUG - 411 - Added barrier memo from form : 02-02-2024
2024-03-19 13:25:25 - DEBUG - 391 - Added family email from form : 01-19-2024
2024-03-19 13:25:25 - DEBUG - 415 - Added barrier list item from form : 02-02-2024
2024-03-19 13:25:25 - DEBUG - 411 - Added barrier memo from form : 01-19-2024
2024-03-19 13:25:25 - DEBUG - 419 - Added cause to barrier from form : 02-02-2024
2024-03-19 13:25:25 - DEBUG - 415 - Added barrier list item from form : 01-19-2024
2024-03-19 13:25:25 - DEBUG - 423 - Added solution to barrier from form : 02-02-2024
2024-03-19 13:25:25 - DEBUG - 419 - Added cause to barrier from form : 01-19-2024
2024-03-19 13:25:25 - DEBUG - 427 - Added solution pathway list item from form : 02-02-2024
2024-03-19 13:25:25 - DEBUG - 423 - Added solution to barrier from form : 01-19-2024
2024-03-19 13:25:25 - DEBUG - 447 - Added zipcode from form : 02-02-2024
2024-03-19 13:25:25 - DEBUG - 427 - Added solution pathway list item from form : 01-19-2024
2024-03-19 13:25:25 - DEBUG - 451 - Added age from form : 02-02-2024
2024-03-19 13:25:25 - DEBUG - 447 - Added zipcode from form : 01-19-2024
2024-03-19 13:25:25 - DEBUG - 458 - Added sex from form : 02-02-2024
2024-03-19 13:25:25 - DEBUG - 451 - Added age from form : 01-19-2024
2024-03-19 13:25:25 - DEBUG - 465 - Added ethnicity from form : 02-02-2024
2024-03-19 13:25:25 - DEBUG - 458 - Added sex from form : 01-19-2024
2024-03-19 13:25:25 - DEBUG - 195 - Added date : 01-19-2024
2024-03-19 13:25:25 - DEBUG - 465 - Added ethnicity from form : 01-19-2024
2024-03-19 13:25:25 - DEBUG - 346 - Added org : 01-19-2024
2024-03-19 13:25:25 - DEBUG - 195 - Added date : 01-19-2024
2024-03-19 13:25:25 - DEBUG - 350 - Added staff : 01-19-2024
2024-03-19 13:25:25 - DEBUG - 346 - Added org : 01-19-2024
2024-03-19 13:25:25 - DEBUG - 355 - Added staff email : 01-19-2024
2024-03-19 13:25:25 - DEBUG - 350 - Added staff : 01-19-2024
2024-03-19 13:25:25 - DEBUG - 359 - Added staff from form : 01-19-2024
2024-03-19 13:25:25 - DEBUG - 355 - Added staff email : 01-19-2024
2024-03-19 13:25:25 - DEBUG - 379 - Added family contacat from form : 01-19-2024
2024-03-19 13:25:25 - DEBUG - 359 - Added staff from form : 01-19-2024
2024-03-19 13:25:25 - DEBUG - 383 - Added address from form : 01-19-2024
2024-03-19 13:25:25 - DEBUG - 379 - Added family contacat from form : 01-19-2024
2024-03-19 13:25:25 - DEBUG - 387 - Added family phone from form : 01-19-2024
2024-03-19 13:25:25 - DEBUG - 383 - Added address from form : 01-19-2024
2024-03-19 13:25:25 - DEBUG - 391 - Added family email from form : 01-19-2024
2024-03-19 13:25:25 - DEBUG - 387 - Added family phone from form : 01-19-2024
2024-03-19 13:25:25 - DEBUG - 411 - Added barrier memo from form : 01-19-2024
2024-03-19 13:25:25 - DEBUG - 391 - Added family email from form : 01-19-2024
2024-03-19 13:25:25 - DEBUG - 415 - Added barrier list item from form : 01-19-2024
2024-03-19 13:25:25 - DEBUG - 411 - Added barrier memo from form : 01-19-2024
2024-03-19 13:25:25 - DEBUG - 419 - Added cause to barrier from form : 01-19-2024
2024-03-19 13:25:25 - DEBUG - 415 - Added barrier list item from form : 01-19-2024
2024-03-19 13:25:25 - DEBUG - 423 - Added solution to barrier from form : 01-19-2024
2024-03-19 13:25:25 - DEBUG - 419 - Added cause to barrier from form : 01-19-2024
2024-03-19 13:25:25 - DEBUG - 427 - Added solution pathway list item from form : 01-19-2024
2024-03-19 13:25:25 - DEBUG - 423 - Added solution to barrier from form : 01-19-2024
2024-03-19 13:25:25 - DEBUG - 447 - Added zipcode from form : 01-19-2024
2024-03-19 13:25:25 - DEBUG - 427 - Added solution pathway list item from form : 01-19-2024
2024-03-19 13:25:25 - DEBUG - 451 - Added age from form : 01-19-2024
2024-03-19 13:25:25 - DEBUG - 447 - Added zipcode from form : 01-19-2024
2024-03-19 13:25:25 - DEBUG - 458 - Added sex from form : 01-19-2024
2024-03-19 13:25:25 - DEBUG - 451 - Added age from form : 01-19-2024
2024-03-19 13:25:25 - DEBUG - 465 - Added ethnicity from form : 01-19-2024
2024-03-19 13:25:25 - DEBUG - 458 - Added sex from form : 01-19-2024
2024-03-19 13:25:25 - DEBUG - 195 - Added date : 01-19-2024
2024-03-19 13:25:25 - DEBUG - 465 - Added ethnicity from form : 01-19-2024
2024-03-19 13:25:25 - DEBUG - 346 - Added org : 01-19-2024
2024-03-19 13:25:25 - DEBUG - 195 - Added date : 01-19-2024
2024-03-19 13:25:25 - DEBUG - 350 - Added staff : 01-19-2024
2024-03-19 13:25:25 - DEBUG - 346 - Added org : 01-19-2024
2024-03-19 13:25:25 - DEBUG - 355 - Added staff email : 01-19-2024
2024-03-19 13:25:25 - DEBUG - 350 - Added staff : 01-19-2024
2024-03-19 13:25:25 - DEBUG - 359 - Added staff from form : 01-19-2024
2024-03-19 13:25:25 - DEBUG - 355 - Added staff email : 01-19-2024
2024-03-19 13:25:25 - DEBUG - 379 - Added family contacat from form : 01-19-2024
2024-03-19 13:25:25 - DEBUG - 359 - Added staff from form : 01-19-2024
2024-03-19 13:25:25 - DEBUG - 383 - Added address from form : 01-19-2024
2024-03-19 13:25:25 - DEBUG - 379 - Added family contacat from form : 01-19-2024
2024-03-19 13:25:25 - DEBUG - 387 - Added family phone from form : 01-19-2024
2024-03-19 13:25:25 - DEBUG - 383 - Added address from form : 01-19-2024
2024-03-19 13:25:25 - DEBUG - 391 - Added family email from form : 01-19-2024
2024-03-19 13:25:25 - DEBUG - 387 - Added family phone from form : 01-19-2024
2024-03-19 13:25:25 - DEBUG - 411 - Added barrier memo from form : 01-19-2024
2024-03-19 13:25:25 - DEBUG - 391 - Added family email from form : 01-19-2024
2024-03-19 13:25:25 - DEBUG - 415 - Added barrier list item from form : 01-19-2024
2024-03-19 13:25:25 - DEBUG - 411 - Added barrier memo from form : 01-19-2024
2024-03-19 13:25:25 - DEBUG - 419 - Added cause to barrier from form : 01-19-2024
2024-03-19 13:25:25 - DEBUG - 415 - Added barrier list item from form : 01-19-2024
2024-03-19 13:25:25 - DEBUG - 423 - Added solution to barrier from form : 01-19-2024
2024-03-19 13:25:25 - DEBUG - 419 - Added cause to barrier from form : 01-19-2024
2024-03-19 13:25:25 - DEBUG - 427 - Added solution pathway list item from form : 01-19-2024
2024-03-19 13:25:25 - DEBUG - 423 - Added solution to barrier from form : 01-19-2024
2024-03-19 13:25:25 - DEBUG - 447 - Added zipcode from form : 01-19-2024
2024-03-19 13:25:25 - DEBUG - 427 - Added solution pathway list item from form : 01-19-2024
2024-03-19 13:25:25 - DEBUG - 451 - Added age from form : 01-19-2024
2024-03-19 13:25:25 - DEBUG - 458 - Added sex from form : 01-19-2024
2024-03-19 13:25:25 - DEBUG - 465 - Added ethnicity from form : 01-19-2024
2024-03-19 13:25:25 - DEBUG - 195 - Added date : 01-19-2024
2024-03-19 13:25:25 - DEBUG - 346 - Added org : 01-19-2024
2024-03-19 13:25:25 - DEBUG - 447 - Added zipcode from form : 01-19-2024
2024-03-19 13:25:25 - DEBUG - 350 - Added staff : 01-19-2024
2024-03-19 13:25:25 - DEBUG - 451 - Added age from form : 01-19-2024
2024-03-19 13:25:25 - DEBUG - 355 - Added staff email : 01-19-2024
2024-03-19 13:25:25 - DEBUG - 458 - Added sex from form : 01-19-2024
2024-03-19 13:25:25 - DEBUG - 359 - Added staff from form : 01-19-2024
2024-03-19 13:25:25 - DEBUG - 465 - Added ethnicity from form : 01-19-2024
2024-03-19 13:25:25 - DEBUG - 379 - Added family contacat from form : 01-19-2024
2024-03-19 13:25:25 - DEBUG - 195 - Added date : 01-19-2024
2024-03-19 13:25:25 - DEBUG - 383 - Added address from form : 01-19-2024
2024-03-19 13:25:25 - DEBUG - 346 - Added org : 01-19-2024
2024-03-19 13:25:25 - DEBUG - 387 - Added family phone from form : 01-19-2024
2024-03-19 13:25:25 - DEBUG - 350 - Added staff : 01-19-2024
2024-03-19 13:25:25 - DEBUG - 391 - Added family email from form : 01-19-2024
2024-03-19 13:25:25 - DEBUG - 355 - Added staff email : 01-19-2024
2024-03-19 13:25:25 - DEBUG - 359 - Added staff from form : 01-19-2024
2024-03-19 13:25:25 - DEBUG - 379 - Added family contacat from form : 01-19-2024
2024-03-19 13:25:25 - DEBUG - 383 - Added address from form : 01-19-2024
2024-03-19 13:25:25 - DEBUG - 387 - Added family phone from form : 01-19-2024
2024-03-19 13:25:25 - DEBUG - 391 - Added family email from form : 01-19-2024
2024-03-19 13:25:25 - DEBUG - 411 - Added barrier memo from form : 01-19-2024
2024-03-19 13:25:25 - DEBUG - 415 - Added barrier list item from form : 01-19-2024
2024-03-19 13:25:25 - DEBUG - 419 - Added cause to barrier from form : 01-19-2024
2024-03-19 13:25:25 - DEBUG - 411 - Added barrier memo from form : 01-19-2024
2024-03-19 13:25:25 - DEBUG - 415 - Added barrier list item from form : 01-19-2024
2024-03-19 13:25:25 - DEBUG - 419 - Added cause to barrier from form : 01-19-2024
2024-03-19 13:25:25 - DEBUG - 423 - Added solution to barrier from form : 01-19-2024
2024-03-19 13:25:25 - DEBUG - 427 - Added solution pathway list item from form : 01-19-2024
2024-03-19 13:25:25 - DEBUG - 447 - Added zipcode from form : 01-19-2024
2024-03-19 13:25:25 - DEBUG - 451 - Added age from form : 01-19-2024
2024-03-19 13:25:25 - DEBUG - 458 - Added sex from form : 01-19-2024
2024-03-19 13:25:25 - DEBUG - 465 - Added ethnicity from form : 01-19-2024
2024-03-19 13:25:25 - DEBUG - 195 - Added date : 01-19-2024
2024-03-19 13:25:25 - DEBUG - 346 - Added org : 01-19-2024
2024-03-19 13:25:25 - DEBUG - 350 - Added staff : 01-19-2024
2024-03-19 13:25:25 - DEBUG - 355 - Added staff email : 01-19-2024
2024-03-19 13:25:25 - DEBUG - 359 - Added staff from form : 01-19-2024
2024-03-19 13:25:25 - DEBUG - 379 - Added family contacat from form : 01-19-2024
2024-03-19 13:25:25 - DEBUG - 383 - Added address from form : 01-19-2024
2024-03-19 13:25:25 - DEBUG - 387 - Added family phone from form : 01-19-2024
2024-03-19 13:25:25 - DEBUG - 391 - Added family email from form : 01-19-2024
2024-03-19 13:25:25 - DEBUG - 411 - Added barrier memo from form : 01-19-2024
2024-03-19 13:25:25 - DEBUG - 415 - Added barrier list item from form : 01-19-2024
2024-03-19 13:25:25 - DEBUG - 419 - Added cause to barrier from form : 01-19-2024
2024-03-19 13:25:25 - DEBUG - 423 - Added solution to barrier from form : 01-19-2024
2024-03-19 13:25:25 - DEBUG - 427 - Added solution pathway list item from form : 01-19-2024
2024-03-19 13:25:25 - DEBUG - 447 - Added zipcode from form : 01-19-2024
2024-03-19 13:25:25 - DEBUG - 451 - Added age from form : 01-19-2024
2024-03-19 13:25:25 - DEBUG - 423 - Added solution to barrier from form : 01-19-2024
2024-03-19 13:25:25 - DEBUG - 458 - Added sex from form : 01-19-2024
2024-03-19 13:25:25 - DEBUG - 427 - Added solution pathway list item from form : 01-19-2024
2024-03-19 13:25:25 - DEBUG - 447 - Added zipcode from form : 01-19-2024
2024-03-19 13:25:25 - DEBUG - 451 - Added age from form : 01-19-2024
2024-03-19 13:25:25 - DEBUG - 458 - Added sex from form : 01-19-2024
2024-03-19 13:25:25 - DEBUG - 465 - Added ethnicity from form : 01-19-2024
2024-03-19 13:25:25 - DEBUG - 195 - Added date : 01-19-2024
2024-03-19 13:25:25 - DEBUG - 346 - Added org : 01-19-2024
2024-03-19 13:25:25 - DEBUG - 350 - Added staff : 01-19-2024
2024-03-19 13:25:25 - DEBUG - 355 - Added staff email : 01-19-2024
2024-03-19 13:25:25 - DEBUG - 359 - Added staff from form : 01-19-2024
2024-03-19 13:25:25 - DEBUG - 379 - Added family contacat from form : 01-19-2024
2024-03-19 13:25:25 - DEBUG - 383 - Added address from form : 01-19-2024
2024-03-19 13:25:25 - DEBUG - 387 - Added family phone from form : 01-19-2024
2024-03-19 13:25:25 - DEBUG - 391 - Added family email from form : 01-19-2024
2024-03-19 13:25:25 - DEBUG - 411 - Added barrier memo from form : 01-19-2024
2024-03-19 13:25:25 - DEBUG - 415 - Added barrier list item from form : 01-19-2024
2024-03-19 13:25:25 - DEBUG - 419 - Added cause to barrier from form : 01-19-2024
2024-03-19 13:25:25 - DEBUG - 423 - Added solution to barrier from form : 01-19-2024
2024-03-19 13:25:25 - DEBUG - 427 - Added solution pathway list item from form : 01-19-2024
2024-03-19 13:25:25 - DEBUG - 447 - Added zipcode from form : 01-19-2024
2024-03-19 13:25:25 - DEBUG - 451 - Added age from form : 01-19-2024
2024-03-19 13:25:25 - DEBUG - 458 - Added sex from form : 01-19-2024
2024-03-19 13:25:25 - DEBUG - 465 - Added ethnicity from form : 01-19-2024
2024-03-19 13:25:25 - DEBUG - 195 - Added date : 01-19-2024
2024-03-19 13:25:25 - DEBUG - 346 - Added org : 01-19-2024
2024-03-19 13:25:25 - DEBUG - 350 - Added staff : 01-19-2024
2024-03-19 13:25:25 - DEBUG - 355 - Added staff email : 01-19-2024
2024-03-19 13:25:25 - DEBUG - 359 - Added staff from form : 01-19-2024
2024-03-19 13:25:25 - DEBUG - 379 - Added family contacat from form : 01-19-2024
2024-03-19 13:25:25 - DEBUG - 383 - Added address from form : 01-19-2024
2024-03-19 13:25:25 - DEBUG - 387 - Added family phone from form : 01-19-2024
2024-03-19 13:25:25 - DEBUG - 391 - Added family email from form : 01-19-2024
2024-03-19 13:25:25 - DEBUG - 411 - Added barrier memo from form : 01-19-2024
2024-03-19 13:25:25 - DEBUG - 415 - Added barrier list item from form : 01-19-2024
2024-03-19 13:25:25 - DEBUG - 419 - Added cause to barrier from form : 01-19-2024
2024-03-19 13:25:25 - DEBUG - 423 - Added solution to barrier from form : 01-19-2024
2024-03-19 13:25:25 - DEBUG - 427 - Added solution pathway list item from form : 01-19-2024
2024-03-19 13:25:25 - DEBUG - 447 - Added zipcode from form : 01-19-2024
2024-03-19 13:25:25 - DEBUG - 451 - Added age from form : 01-19-2024
2024-03-19 13:25:25 - DEBUG - 458 - Added sex from form : 01-19-2024
2024-03-19 13:25:25 - DEBUG - 465 - Added ethnicity from form : 01-19-2024
2024-03-19 13:25:25 - DEBUG - 195 - Added date : 02-14-2024
2024-03-19 13:25:25 - DEBUG - 346 - Added org : 02-14-2024
2024-03-19 13:25:25 - DEBUG - 350 - Added staff : 02-14-2024
2024-03-19 13:25:25 - DEBUG - 355 - Added staff email : 02-14-2024
2024-03-19 13:25:25 - DEBUG - 359 - Added staff from form : 02-14-2024
2024-03-19 13:25:25 - DEBUG - 379 - Added family contacat from form : 02-14-2024
2024-03-19 13:25:25 - DEBUG - 383 - Added address from form : 02-14-2024
2024-03-19 13:25:25 - DEBUG - 387 - Added family phone from form : 02-14-2024
2024-03-19 13:25:25 - DEBUG - 391 - Added family email from form : 02-14-2024
2024-03-19 13:25:25 - DEBUG - 411 - Added barrier memo from form : 02-14-2024
2024-03-19 13:25:25 - DEBUG - 415 - Added barrier list item from form : 02-14-2024
2024-03-19 13:25:25 - DEBUG - 419 - Added cause to barrier from form : 02-14-2024
2024-03-19 13:25:25 - DEBUG - 423 - Added solution to barrier from form : 02-14-2024
2024-03-19 13:25:25 - DEBUG - 427 - Added solution pathway list item from form : 02-14-2024
2024-03-19 13:25:25 - DEBUG - 447 - Added zipcode from form : 02-14-2024
2024-03-19 13:25:25 - DEBUG - 451 - Added age from form : 02-14-2024
2024-03-19 13:25:25 - DEBUG - 458 - Added sex from form : 02-14-2024
2024-03-19 13:25:25 - DEBUG - 465 - Added ethnicity from form : 02-14-2024
2024-03-19 13:25:25 - DEBUG - 195 - Added date : 02-14-2024
2024-03-19 13:25:25 - DEBUG - 346 - Added org : 02-14-2024
2024-03-19 13:25:25 - DEBUG - 465 - Added ethnicity from form : 01-19-2024
2024-03-19 13:25:25 - DEBUG - 350 - Added staff : 02-14-2024
2024-03-19 13:25:25 - DEBUG - 195 - Added date : 01-19-2024
2024-03-19 13:25:25 - DEBUG - 355 - Added staff email : 02-14-2024
2024-03-19 13:25:25 - DEBUG - 346 - Added org : 01-19-2024
2024-03-19 13:25:25 - DEBUG - 359 - Added staff from form : 02-14-2024
2024-03-19 13:25:25 - DEBUG - 379 - Added family contacat from form : 02-14-2024
2024-03-19 13:25:25 - DEBUG - 383 - Added address from form : 02-14-2024
2024-03-19 13:25:25 - DEBUG - 387 - Added family phone from form : 02-14-2024
2024-03-19 13:25:25 - DEBUG - 391 - Added family email from form : 02-14-2024
2024-03-19 13:25:25 - DEBUG - 411 - Added barrier memo from form : 02-14-2024
2024-03-19 13:25:25 - DEBUG - 415 - Added barrier list item from form : 02-14-2024
2024-03-19 13:25:25 - DEBUG - 419 - Added cause to barrier from form : 02-14-2024
2024-03-19 13:25:25 - DEBUG - 423 - Added solution to barrier from form : 02-14-2024
2024-03-19 13:25:25 - DEBUG - 427 - Added solution pathway list item from form : 02-14-2024
2024-03-19 13:25:25 - DEBUG - 447 - Added zipcode from form : 02-14-2024
2024-03-19 13:25:25 - DEBUG - 451 - Added age from form : 02-14-2024
2024-03-19 13:25:25 - DEBUG - 458 - Added sex from form : 02-14-2024
2024-03-19 13:25:25 - DEBUG - 465 - Added ethnicity from form : 02-14-2024
2024-03-19 13:25:25 - DEBUG - 195 - Added date : 02-13-2024
2024-03-19 13:25:25 - DEBUG - 346 - Added org : 02-13-2024
2024-03-19 13:25:25 - DEBUG - 350 - Added staff : 02-13-2024
2024-03-19 13:25:25 - DEBUG - 355 - Added staff email : 02-13-2024
2024-03-19 13:25:25 - DEBUG - 359 - Added staff from form : 02-13-2024
2024-03-19 13:25:25 - DEBUG - 379 - Added family contacat from form : 02-13-2024
2024-03-19 13:25:25 - DEBUG - 383 - Added address from form : 02-13-2024
2024-03-19 13:25:25 - DEBUG - 387 - Added family phone from form : 02-13-2024
2024-03-19 13:25:25 - DEBUG - 391 - Added family email from form : 02-13-2024
2024-03-19 13:25:25 - DEBUG - 350 - Added staff : 01-19-2024
2024-03-19 13:25:25 - DEBUG - 355 - Added staff email : 01-19-2024
2024-03-19 13:25:25 - DEBUG - 359 - Added staff from form : 01-19-2024
2024-03-19 13:25:25 - DEBUG - 411 - Added barrier memo from form : 02-13-2024
2024-03-19 13:25:25 - DEBUG - 415 - Added barrier list item from form : 02-13-2024
2024-03-19 13:25:25 - DEBUG - 379 - Added family contacat from form : 01-19-2024
2024-03-19 13:25:25 - DEBUG - 383 - Added address from form : 01-19-2024
2024-03-19 13:25:25 - DEBUG - 387 - Added family phone from form : 01-19-2024
2024-03-19 13:25:25 - DEBUG - 419 - Added cause to barrier from form : 02-13-2024
2024-03-19 13:25:25 - DEBUG - 423 - Added solution to barrier from form : 02-13-2024
2024-03-19 13:25:25 - DEBUG - 391 - Added family email from form : 01-19-2024
2024-03-19 13:25:25 - DEBUG - 427 - Added solution pathway list item from form : 02-13-2024
2024-03-19 13:25:25 - DEBUG - 411 - Added barrier memo from form : 01-19-2024
2024-03-19 13:25:25 - DEBUG - 447 - Added zipcode from form : 02-13-2024
2024-03-19 13:25:25 - DEBUG - 415 - Added barrier list item from form : 01-19-2024
2024-03-19 13:25:25 - DEBUG - 451 - Added age from form : 02-13-2024
2024-03-19 13:25:25 - DEBUG - 419 - Added cause to barrier from form : 01-19-2024
2024-03-19 13:25:25 - DEBUG - 458 - Added sex from form : 02-13-2024
2024-03-19 13:25:25 - DEBUG - 423 - Added solution to barrier from form : 01-19-2024
2024-03-19 13:25:25 - DEBUG - 465 - Added ethnicity from form : 02-13-2024
2024-03-19 13:25:25 - DEBUG - 427 - Added solution pathway list item from form : 01-19-2024
2024-03-19 13:25:25 - DEBUG - 195 - Added date : 02-13-2024
2024-03-19 13:25:25 - DEBUG - 447 - Added zipcode from form : 01-19-2024
2024-03-19 13:25:25 - DEBUG - 346 - Added org : 02-13-2024
2024-03-19 13:25:25 - DEBUG - 451 - Added age from form : 01-19-2024
2024-03-19 13:25:25 - DEBUG - 350 - Added staff : 02-13-2024
2024-03-19 13:25:25 - DEBUG - 458 - Added sex from form : 01-19-2024
2024-03-19 13:25:25 - DEBUG - 355 - Added staff email : 02-13-2024
2024-03-19 13:25:25 - DEBUG - 465 - Added ethnicity from form : 01-19-2024
2024-03-19 13:25:25 - DEBUG - 359 - Added staff from form : 02-13-2024
2024-03-19 13:25:25 - DEBUG - 195 - Added date : 01-19-2024
2024-03-19 13:25:25 - DEBUG - 379 - Added family contacat from form : 02-13-2024
2024-03-19 13:25:25 - DEBUG - 346 - Added org : 01-19-2024
2024-03-19 13:25:25 - DEBUG - 383 - Added address from form : 02-13-2024
2024-03-19 13:25:25 - DEBUG - 350 - Added staff : 01-19-2024
2024-03-19 13:25:25 - DEBUG - 387 - Added family phone from form : 02-13-2024
2024-03-19 13:25:25 - DEBUG - 355 - Added staff email : 01-19-2024
2024-03-19 13:25:25 - DEBUG - 391 - Added family email from form : 02-13-2024
2024-03-19 13:25:25 - DEBUG - 359 - Added staff from form : 01-19-2024
2024-03-19 13:25:25 - DEBUG - 411 - Added barrier memo from form : 02-13-2024
2024-03-19 13:25:25 - DEBUG - 379 - Added family contacat from form : 01-19-2024
2024-03-19 13:25:25 - DEBUG - 415 - Added barrier list item from form : 02-13-2024
2024-03-19 13:25:25 - DEBUG - 383 - Added address from form : 01-19-2024
2024-03-19 13:25:25 - DEBUG - 419 - Added cause to barrier from form : 02-13-2024
2024-03-19 13:25:25 - DEBUG - 387 - Added family phone from form : 01-19-2024
2024-03-19 13:25:25 - DEBUG - 423 - Added solution to barrier from form : 02-13-2024
2024-03-19 13:25:25 - DEBUG - 391 - Added family email from form : 01-19-2024
2024-03-19 13:25:25 - DEBUG - 427 - Added solution pathway list item from form : 02-13-2024
2024-03-19 13:25:25 - DEBUG - 411 - Added barrier memo from form : 01-19-2024
2024-03-19 13:25:25 - DEBUG - 447 - Added zipcode from form : 02-13-2024
2024-03-19 13:25:25 - DEBUG - 415 - Added barrier list item from form : 01-19-2024
2024-03-19 13:25:25 - DEBUG - 451 - Added age from form : 02-13-2024
2024-03-19 13:25:25 - DEBUG - 419 - Added cause to barrier from form : 01-19-2024
2024-03-19 13:25:25 - DEBUG - 458 - Added sex from form : 02-13-2024
2024-03-19 13:25:25 - DEBUG - 423 - Added solution to barrier from form : 01-19-2024
2024-03-19 13:25:25 - DEBUG - 465 - Added ethnicity from form : 02-13-2024
2024-03-19 13:25:25 - DEBUG - 427 - Added solution pathway list item from form : 01-19-2024
2024-03-19 13:25:25 - DEBUG - 447 - Added zipcode from form : 01-19-2024
2024-03-19 13:25:25 - DEBUG - 451 - Added age from form : 01-19-2024
2024-03-19 13:25:25 - DEBUG - 458 - Added sex from form : 01-19-2024
2024-03-19 13:25:25 - DEBUG - 465 - Added ethnicity from form : 01-19-2024
2024-03-19 13:25:25 - DEBUG - 195 - Added date : 01-19-2024
2024-03-19 13:25:25 - DEBUG - 346 - Added org : 01-19-2024
2024-03-19 13:25:25 - DEBUG - 350 - Added staff : 01-19-2024
2024-03-19 13:25:25 - DEBUG - 355 - Added staff email : 01-19-2024
2024-03-19 13:25:25 - DEBUG - 359 - Added staff from form : 01-19-2024
2024-03-19 13:25:25 - DEBUG - 379 - Added family contacat from form : 01-19-2024
2024-03-19 13:25:25 - DEBUG - 383 - Added address from form : 01-19-2024
2024-03-19 13:25:25 - DEBUG - 387 - Added family phone from form : 01-19-2024
2024-03-19 13:25:25 - DEBUG - 391 - Added family email from form : 01-19-2024
2024-03-19 13:25:25 - DEBUG - 411 - Added barrier memo from form : 01-19-2024
2024-03-19 13:25:25 - DEBUG - 415 - Added barrier list item from form : 01-19-2024
2024-03-19 13:25:25 - DEBUG - 419 - Added cause to barrier from form : 01-19-2024
2024-03-19 13:25:25 - DEBUG - 423 - Added solution to barrier from form : 01-19-2024
2024-03-19 13:25:25 - DEBUG - 427 - Added solution pathway list item from form : 01-19-2024
2024-03-19 13:25:25 - DEBUG - 447 - Added zipcode from form : 01-19-2024
2024-03-19 13:25:25 - DEBUG - 451 - Added age from form : 01-19-2024
2024-03-19 13:25:25 - DEBUG - 458 - Added sex from form : 01-19-2024
2024-03-19 13:25:25 - DEBUG - 465 - Added ethnicity from form : 01-19-2024
2024-03-19 13:25:25 - DEBUG - 195 - Added date : 02-14-2024
2024-03-19 13:25:25 - DEBUG - 346 - Added org : 02-14-2024
2024-03-19 13:25:25 - DEBUG - 350 - Added staff : 02-14-2024
2024-03-19 13:25:25 - DEBUG - 355 - Added staff email : 02-14-2024
2024-03-19 13:25:25 - DEBUG - 359 - Added staff from form : 02-14-2024
2024-03-19 13:25:25 - DEBUG - 379 - Added family contacat from form : 02-14-2024
2024-03-19 13:25:25 - DEBUG - 383 - Added address from form : 02-14-2024
2024-03-19 13:25:25 - DEBUG - 387 - Added family phone from form : 02-14-2024
2024-03-19 13:25:25 - DEBUG - 391 - Added family email from form : 02-14-2024
2024-03-19 13:25:25 - DEBUG - 411 - Added barrier memo from form : 02-14-2024
2024-03-19 13:25:25 - DEBUG - 415 - Added barrier list item from form : 02-14-2024
2024-03-19 13:25:25 - DEBUG - 419 - Added cause to barrier from form : 02-14-2024
2024-03-19 13:25:25 - DEBUG - 423 - Added solution to barrier from form : 02-14-2024
2024-03-19 13:25:25 - DEBUG - 427 - Added solution pathway list item from form : 02-14-2024
2024-03-19 13:25:25 - DEBUG - 447 - Added zipcode from form : 02-14-2024
2024-03-19 13:25:25 - DEBUG - 451 - Added age from form : 02-14-2024
2024-03-19 13:25:25 - DEBUG - 458 - Added sex from form : 02-14-2024
2024-03-19 13:25:25 - DEBUG - 465 - Added ethnicity from form : 02-14-2024
2024-03-19 13:25:25 - DEBUG - 195 - Added date : 02-14-2024
2024-03-19 13:25:25 - DEBUG - 346 - Added org : 02-14-2024
2024-03-19 13:25:25 - DEBUG - 350 - Added staff : 02-14-2024
2024-03-19 13:25:25 - DEBUG - 355 - Added staff email : 02-14-2024
2024-03-19 13:25:25 - DEBUG - 359 - Added staff from form : 02-14-2024
2024-03-19 13:25:25 - DEBUG - 379 - Added family contacat from form : 02-14-2024
2024-03-19 13:25:25 - DEBUG - 383 - Added address from form : 02-14-2024
2024-03-19 13:25:25 - DEBUG - 387 - Added family phone from form : 02-14-2024
2024-03-19 13:25:25 - DEBUG - 391 - Added family email from form : 02-14-2024
2024-03-19 13:25:25 - DEBUG - 411 - Added barrier memo from form : 02-14-2024
2024-03-19 13:25:25 - DEBUG - 415 - Added barrier list item from form : 02-14-2024
2024-03-19 13:25:25 - DEBUG - 419 - Added cause to barrier from form : 02-14-2024
2024-03-19 13:25:25 - DEBUG - 423 - Added solution to barrier from form : 02-14-2024
2024-03-19 13:25:25 - DEBUG - 427 - Added solution pathway list item from form : 02-14-2024
2024-03-19 13:25:25 - DEBUG - 447 - Added zipcode from form : 02-14-2024
2024-03-19 13:25:25 - DEBUG - 451 - Added age from form : 02-14-2024
2024-03-19 13:25:25 - DEBUG - 458 - Added sex from form : 02-14-2024
2024-03-19 13:25:25 - DEBUG - 465 - Added ethnicity from form : 02-14-2024
2024-03-19 13:25:25 - DEBUG - 195 - Added date : 02-13-2024
2024-03-19 13:25:25 - DEBUG - 346 - Added org : 02-13-2024
2024-03-19 13:25:25 - DEBUG - 350 - Added staff : 02-13-2024
2024-03-19 13:25:25 - DEBUG - 355 - Added staff email : 02-13-2024
2024-03-19 13:25:25 - DEBUG - 359 - Added staff from form : 02-13-2024
2024-03-19 13:25:25 - DEBUG - 379 - Added family contacat from form : 02-13-2024
2024-03-19 13:25:25 - DEBUG - 383 - Added address from form : 02-13-2024
2024-03-19 13:25:25 - DEBUG - 387 - Added family phone from form : 02-13-2024
2024-03-19 13:25:25 - DEBUG - 391 - Added family email from form : 02-13-2024
2024-03-19 13:25:25 - DEBUG - 411 - Added barrier memo from form : 02-13-2024
2024-03-19 13:25:25 - DEBUG - 415 - Added barrier list item from form : 02-13-2024
2024-03-19 13:25:25 - DEBUG - 419 - Added cause to barrier from form : 02-13-2024
2024-03-19 13:25:25 - DEBUG - 423 - Added solution to barrier from form : 02-13-2024
2024-03-19 13:25:25 - DEBUG - 427 - Added solution pathway list item from form : 02-13-2024
2024-03-19 13:25:25 - DEBUG - 447 - Added zipcode from form : 02-13-2024
2024-03-19 13:25:25 - DEBUG - 451 - Added age from form : 02-13-2024
2024-03-19 13:25:25 - DEBUG - 458 - Added sex from form : 02-13-2024
2024-03-19 13:25:25 - DEBUG - 465 - Added ethnicity from form : 02-13-2024
2024-03-19 13:25:25 - DEBUG - 195 - Added date : 02-13-2024
2024-03-19 13:25:25 - DEBUG - 346 - Added org : 02-13-2024
2024-03-19 13:25:25 - DEBUG - 350 - Added staff : 02-13-2024
2024-03-19 13:25:25 - DEBUG - 355 - Added staff email : 02-13-2024
2024-03-19 13:25:25 - DEBUG - 359 - Added staff from form : 02-13-2024
2024-03-19 13:25:25 - DEBUG - 379 - Added family contacat from form : 02-13-2024
2024-03-19 13:25:25 - DEBUG - 383 - Added address from form : 02-13-2024
2024-03-19 13:25:25 - DEBUG - 387 - Added family phone from form : 02-13-2024
2024-03-19 13:25:25 - DEBUG - 391 - Added family email from form : 02-13-2024
2024-03-19 13:25:25 - DEBUG - 411 - Added barrier memo from form : 02-13-2024
2024-03-19 13:25:25 - DEBUG - 415 - Added barrier list item from form : 02-13-2024
2024-03-19 13:25:25 - DEBUG - 419 - Added cause to barrier from form : 02-13-2024
2024-03-19 13:25:25 - DEBUG - 423 - Added solution to barrier from form : 02-13-2024
2024-03-19 13:25:25 - DEBUG - 427 - Added solution pathway list item from form : 02-13-2024
2024-03-19 13:25:25 - DEBUG - 447 - Added zipcode from form : 02-13-2024
2024-03-19 13:25:25 - DEBUG - 451 - Added age from form : 02-13-2024
2024-03-19 13:25:25 - DEBUG - 458 - Added sex from form : 02-13-2024
2024-03-19 13:25:25 - DEBUG - 465 - Added ethnicity from form : 02-13-2024
2024-03-19 13:25:25 - DEBUG - 244 - Updated the data from API.
2024-03-19 13:25:25 - DEBUG - 244 - Updated the data from API.
